2022-02-03 11:42:59,309 INFO [main] INFO  c.e.d.ProductManageSiteServiceForHandsOnApplication - Starting ProductManageSiteServiceForHandsOnApplication on WIN-R1II59KH0BU with PID 1280 (C:\udemy\angular\api\ProductManageService-1.0.0.war started by User in C:\udemy\angular\api)
2022-02-03 11:42:59,309 INFO [main] INFO  c.e.d.ProductManageSiteServiceForHandsOnApplication - No active profile set, falling back to default profiles: default
2022-02-03 11:43:02,524 INFO [main] INFO  o.s.b.w.e.tomcat.TomcatWebServer - Tomcat initialized with port(s): 8080 (http)
2022-02-03 11:43:02,540 INFO [main] INFO  o.a.catalina.core.StandardService - Starting service [Tomcat]
2022-02-03 11:43:02,540 INFO [main] INFO  o.a.catalina.core.StandardEngine - Starting Servlet engine: [Apache Tomcat/9.0.41]
2022-02-03 11:43:04,087 INFO [main] INFO  o.a.c.c.C.[Tomcat].[localhost].[/] - Initializing Spring embedded WebApplicationContext
2022-02-03 11:43:04,087 INFO [main] INFO  o.s.b.w.s.c.ServletWebServerApplicationContext - Root WebApplicationContext: initialization completed in 4653 ms
2022-02-03 11:43:05,649 INFO [main] INFO  o.s.s.w.DefaultSecurityFilterChain - Creating filter chain: Ant [pattern='/*'], []
2022-02-03 11:43:05,649 INFO [main] INFO  o.s.s.w.DefaultSecurityFilterChain - Creating filter chain: Ant [pattern='/assets/i18n/*'], []
2022-02-03 11:43:05,696 INFO [main] INFO  o.s.s.w.DefaultSecurityFilterChain - Creating filter chain: any request, [org.springframework.security.web.context.request.async.WebAsyncManagerIntegrationFilter@60acd609, org.springframework.security.web.context.SecurityContextPersistenceFilter@d5ce97f, org.springframework.security.web.header.HeaderWriterFilter@1023150a, org.springframework.security.web.csrf.CsrfFilter@385e36d4, org.springframework.security.web.authentication.logout.LogoutFilter@62566842, org.springframework.security.web.authentication.www.BasicAuthenticationFilter@7b4acdc2, org.springframework.security.web.savedrequest.RequestCacheAwareFilter@e3994ef, org.springframework.security.web.servletapi.SecurityContextHolderAwareRequestFilter@724c5cbe, org.springframework.security.web.authentication.AnonymousAuthenticationFilter@65ec8b24, org.springframework.security.web.session.SessionManagementFilter@1b7cae6f, org.springframework.security.web.access.ExceptionTranslationFilter@56ac5c80, org.springframework.security.web.access.intercept.FilterSecurityInterceptor@2264e43c]
2022-02-03 11:43:05,728 INFO [main] INFO  s.d.s.w.PropertySourcedRequestMappingHandlerMapping - Mapped URL path [/v2/api-docs] onto method [springfox.documentation.swagger2.web.Swagger2Controller#getDocumentation(String, HttpServletRequest)]
2022-02-03 11:43:05,946 INFO [main] INFO  o.s.s.c.ThreadPoolTaskExecutor - Initializing ExecutorService 'applicationTaskExecutor'
2022-02-03 11:43:06,274 INFO [main] INFO  o.f.c.i.license.VersionPrinter - Flyway Community Edition 6.0.8 by Redgate
2022-02-03 11:43:06,290 INFO [main] INFO  com.zaxxer.hikari.HikariDataSource - HikariPool-1 - Starting...
2022-02-03 11:43:06,634 INFO [main] INFO  com.zaxxer.hikari.HikariDataSource - HikariPool-1 - Start completed.
2022-02-03 11:43:06,665 INFO [main] INFO  o.f.c.i.database.DatabaseFactory - Database: jdbc:h2:file:./h2db/sampledb (H2 1.4)
2022-02-03 11:43:06,696 WARN [main] WARN  o.f.c.i.database.base.Database - Flyway upgrade recommended: H2 1.4.200 is newer than this version of Flyway and support has not been tested. The latest supported version of H2 is 1.4.199.
2022-02-03 11:43:06,743 INFO [main] INFO  o.f.c.internal.command.DbValidate - Successfully validated 3 migrations (execution time 00:00.030s)
2022-02-03 11:43:06,774 INFO [main] INFO  o.f.c.i.s.JdbcTableSchemaHistory - Creating Schema History table "PUBLIC"."flyway_schema_history" ...
2022-02-03 11:43:06,821 INFO [main] INFO  o.f.core.internal.command.DbMigrate - Current version of schema "PUBLIC": << Empty Schema >>
2022-02-03 11:43:06,837 INFO [main] INFO  o.f.core.internal.command.DbMigrate - Migrating schema "PUBLIC" to version 1 - create schema for spring session
2022-02-03 11:43:06,884 INFO [main] INFO  o.f.core.internal.command.DbMigrate - Migrating schema "PUBLIC" to version 2 - create schema for domain
2022-02-03 11:43:06,946 INFO [main] INFO  o.f.core.internal.command.DbMigrate - Migrating schema "PUBLIC" to version 3 - import-initial-data
2022-02-03 11:43:06,977 INFO [main] INFO  o.f.core.internal.command.DbMigrate - Successfully applied 3 migrations to schema "PUBLIC" (execution time 00:00.159s)
2022-02-03 11:43:07,118 INFO [main] INFO  s.d.s.w.p.DocumentationPluginsBootstrapper - Context refreshed
2022-02-03 11:43:07,149 INFO [main] INFO  s.d.s.w.p.DocumentationPluginsBootstrapper - Found 1 custom documentation plugin(s)
2022-02-03 11:43:07,227 INFO [main] INFO  s.d.s.w.s.ApiListingReferenceScanner - Scanning for api listing references
2022-02-03 11:43:07,665 INFO [main] INFO  o.s.b.w.e.tomcat.TomcatWebServer - Tomcat started on port(s): 8080 (http) with context path ''
2022-02-03 11:43:07,665 INFO [main] INFO  c.e.d.ProductManageSiteServiceForHandsOnApplication - Started ProductManageSiteServiceForHandsOnApplication in 9.418 seconds (JVM running for 10.494)
2022-02-03 11:44:28,711 INFO [SpringContextShutdownHook] INFO  o.s.s.c.ThreadPoolTaskExecutor - Shutting down ExecutorService 'applicationTaskExecutor'
2022-02-03 11:44:28,727 INFO [SpringContextShutdownHook] INFO  com.zaxxer.hikari.HikariDataSource - HikariPool-1 - Shutdown initiated...
2022-02-03 11:44:28,727 INFO [SpringContextShutdownHook] INFO  com.zaxxer.hikari.HikariDataSource - HikariPool-1 - Shutdown completed.
