2022-02-08 19:23:16,018 INFO [main] INFO  c.e.d.ProductManageSiteServiceForHandsOnApplication - Starting ProductManageSiteServiceForHandsOnApplication on WIN-R1II59KH0BU with PID 7824 (C:\udemy\angular\api\ProductManageService-1.0.0.war started by User in C:\udemy\angular\api)
2022-02-08 19:23:16,034 INFO [main] INFO  c.e.d.ProductManageSiteServiceForHandsOnApplication - No active profile set, falling back to default profiles: default
2022-02-08 19:23:19,296 INFO [main] INFO  o.s.b.w.e.tomcat.TomcatWebServer - Tomcat initialized with port(s): 8080 (http)
2022-02-08 19:23:19,327 INFO [main] INFO  o.a.catalina.core.StandardService - Starting service [Tomcat]
2022-02-08 19:23:19,327 INFO [main] INFO  o.a.catalina.core.StandardEngine - Starting Servlet engine: [Apache Tomcat/9.0.41]
2022-02-08 19:23:20,950 INFO [main] INFO  o.a.c.c.C.[Tomcat].[localhost].[/] - Initializing Spring embedded WebApplicationContext
2022-02-08 19:23:20,950 INFO [main] INFO  o.s.b.w.s.c.ServletWebServerApplicationContext - Root WebApplicationContext: initialization completed in 4791 ms
2022-02-08 19:23:22,434 INFO [main] INFO  o.s.s.w.DefaultSecurityFilterChain - Creating filter chain: Ant [pattern='/*'], []
2022-02-08 19:23:22,434 INFO [main] INFO  o.s.s.w.DefaultSecurityFilterChain - Creating filter chain: Ant [pattern='/assets/i18n/*'], []
2022-02-08 19:23:22,497 INFO [main] INFO  o.s.s.w.DefaultSecurityFilterChain - Creating filter chain: any request, [org.springframework.security.web.context.request.async.WebAsyncManagerIntegrationFilter@67110f71, org.springframework.security.web.context.SecurityContextPersistenceFilter@5bcb04cb, org.springframework.security.web.header.HeaderWriterFilter@40298285, org.springframework.security.web.csrf.CsrfFilter@11e33bac, org.springframework.security.web.authentication.logout.LogoutFilter@4f4c789f, org.springframework.security.web.authentication.www.BasicAuthenticationFilter@2f04105, org.springframework.security.web.savedrequest.RequestCacheAwareFilter@2fc2a205, org.springframework.security.web.servletapi.SecurityContextHolderAwareRequestFilter@58a63629, org.springframework.security.web.authentication.AnonymousAuthenticationFilter@6f89292e, org.springframework.security.web.session.SessionManagementFilter@5b498842, org.springframework.security.web.access.ExceptionTranslationFilter@2dddc1b9, org.springframework.security.web.access.intercept.FilterSecurityInterceptor@c808207]
2022-02-08 19:23:22,544 INFO [main] INFO  s.d.s.w.PropertySourcedRequestMappingHandlerMapping - Mapped URL path [/v2/api-docs] onto method [springfox.documentation.swagger2.web.Swagger2Controller#getDocumentation(String, HttpServletRequest)]
2022-02-08 19:23:22,794 INFO [main] INFO  o.s.s.c.ThreadPoolTaskExecutor - Initializing ExecutorService 'applicationTaskExecutor'
2022-02-08 19:23:23,090 INFO [main] INFO  o.f.c.i.license.VersionPrinter - Flyway Community Edition 6.0.8 by Redgate
2022-02-08 19:23:23,122 INFO [main] INFO  com.zaxxer.hikari.HikariDataSource - HikariPool-1 - Starting...
2022-02-08 19:23:23,559 INFO [main] INFO  com.zaxxer.hikari.HikariDataSource - HikariPool-1 - Start completed.
2022-02-08 19:23:23,590 INFO [main] INFO  o.f.c.i.database.DatabaseFactory - Database: jdbc:h2:file:./h2db/sampledb (H2 1.4)
2022-02-08 19:23:23,637 WARN [main] WARN  o.f.c.i.database.base.Database - Flyway upgrade recommended: H2 1.4.200 is newer than this version of Flyway and support has not been tested. The latest supported version of H2 is 1.4.199.
2022-02-08 19:23:23,731 INFO [main] INFO  o.f.c.internal.command.DbValidate - Successfully validated 3 migrations (execution time 00:00.049s)
2022-02-08 19:23:23,746 INFO [main] INFO  o.f.core.internal.command.DbMigrate - Current version of schema "PUBLIC": 3
2022-02-08 19:23:23,746 INFO [main] INFO  o.f.core.internal.command.DbMigrate - Schema "PUBLIC" is up to date. No migration necessary.
2022-02-08 19:23:23,903 INFO [main] INFO  s.d.s.w.p.DocumentationPluginsBootstrapper - Context refreshed
2022-02-08 19:23:23,950 INFO [main] INFO  s.d.s.w.p.DocumentationPluginsBootstrapper - Found 1 custom documentation plugin(s)
2022-02-08 19:23:24,028 INFO [main] INFO  s.d.s.w.s.ApiListingReferenceScanner - Scanning for api listing references
2022-02-08 19:23:24,340 INFO [main] INFO  o.s.b.w.e.tomcat.TomcatWebServer - Tomcat started on port(s): 8080 (http) with context path ''
2022-02-08 19:23:24,356 INFO [main] INFO  c.e.d.ProductManageSiteServiceForHandsOnApplication - Started ProductManageSiteServiceForHandsOnApplication in 9.389 seconds (JVM running for 10.187)
2022-02-08 19:27:18,438 INFO [http-nio-8080-exec-1] INFO  o.a.c.c.C.[Tomcat].[localhost].[/] - Initializing Spring DispatcherServlet 'dispatcherServlet'
2022-02-08 19:27:18,439 INFO [http-nio-8080-exec-1] INFO  o.s.web.servlet.DispatcherServlet - Initializing Servlet 'dispatcherServlet'
2022-02-08 19:27:18,455 INFO [http-nio-8080-exec-1] INFO  o.s.web.servlet.DispatcherServlet - Completed initialization in 14 ms
2022-02-08 19:27:21,311 WARN [http-nio-8080-exec-1] WARN  o.a.c.util.SessionIdGeneratorBase - Creation of SecureRandom instance for session ID generation using [SHA1PRNG] took [196] milliseconds.
2022-02-08 19:53:50,966 INFO [main] INFO  c.e.d.ProductManageSiteServiceForHandsOnApplication - Starting ProductManageSiteServiceForHandsOnApplication on WIN-R1II59KH0BU with PID 92 (C:\udemy\angular\api\ProductManageService-1.0.0.war started by User in C:\udemy\angular\api)
2022-02-08 19:53:50,972 INFO [main] INFO  c.e.d.ProductManageSiteServiceForHandsOnApplication - No active profile set, falling back to default profiles: default
2022-02-08 19:53:54,845 INFO [main] INFO  o.s.b.w.e.tomcat.TomcatWebServer - Tomcat initialized with port(s): 8080 (http)
2022-02-08 19:53:54,862 INFO [main] INFO  o.a.catalina.core.StandardService - Starting service [Tomcat]
2022-02-08 19:53:54,862 INFO [main] INFO  o.a.catalina.core.StandardEngine - Starting Servlet engine: [Apache Tomcat/9.0.41]
2022-02-08 19:53:56,395 INFO [main] INFO  o.a.c.c.C.[Tomcat].[localhost].[/] - Initializing Spring embedded WebApplicationContext
2022-02-08 19:53:56,396 INFO [main] INFO  o.s.b.w.s.c.ServletWebServerApplicationContext - Root WebApplicationContext: initialization completed in 5305 ms
2022-02-08 19:53:58,234 INFO [main] INFO  o.s.s.w.DefaultSecurityFilterChain - Creating filter chain: Ant [pattern='/*'], []
2022-02-08 19:53:58,234 INFO [main] INFO  o.s.s.w.DefaultSecurityFilterChain - Creating filter chain: Ant [pattern='/assets/i18n/*'], []
2022-02-08 19:53:58,294 INFO [main] INFO  o.s.s.w.DefaultSecurityFilterChain - Creating filter chain: any request, [org.springframework.security.web.context.request.async.WebAsyncManagerIntegrationFilter@60acd609, org.springframework.security.web.context.SecurityContextPersistenceFilter@d5ce97f, org.springframework.security.web.header.HeaderWriterFilter@1023150a, org.springframework.security.web.csrf.CsrfFilter@385e36d4, org.springframework.security.web.authentication.logout.LogoutFilter@62566842, org.springframework.security.web.authentication.www.BasicAuthenticationFilter@7b4acdc2, org.springframework.security.web.savedrequest.RequestCacheAwareFilter@e3994ef, org.springframework.security.web.servletapi.SecurityContextHolderAwareRequestFilter@724c5cbe, org.springframework.security.web.authentication.AnonymousAuthenticationFilter@65ec8b24, org.springframework.security.web.session.SessionManagementFilter@1b7cae6f, org.springframework.security.web.access.ExceptionTranslationFilter@56ac5c80, org.springframework.security.web.access.intercept.FilterSecurityInterceptor@2264e43c]
2022-02-08 19:53:58,330 INFO [main] INFO  s.d.s.w.PropertySourcedRequestMappingHandlerMapping - Mapped URL path [/v2/api-docs] onto method [springfox.documentation.swagger2.web.Swagger2Controller#getDocumentation(String, HttpServletRequest)]
2022-02-08 19:53:58,578 INFO [main] INFO  o.s.s.c.ThreadPoolTaskExecutor - Initializing ExecutorService 'applicationTaskExecutor'
2022-02-08 19:53:58,961 INFO [main] INFO  o.f.c.i.license.VersionPrinter - Flyway Community Edition 6.0.8 by Redgate
2022-02-08 19:53:58,975 INFO [main] INFO  com.zaxxer.hikari.HikariDataSource - HikariPool-1 - Starting...
2022-02-08 19:53:59,475 INFO [main] INFO  com.zaxxer.hikari.HikariDataSource - HikariPool-1 - Start completed.
2022-02-08 19:53:59,519 INFO [main] INFO  o.f.c.i.database.DatabaseFactory - Database: jdbc:h2:file:./h2db/sampledb (H2 1.4)
2022-02-08 19:53:59,569 WARN [main] WARN  o.f.c.i.database.base.Database - Flyway upgrade recommended: H2 1.4.200 is newer than this version of Flyway and support has not been tested. The latest supported version of H2 is 1.4.199.
2022-02-08 19:53:59,642 INFO [main] INFO  o.f.c.internal.command.DbValidate - Successfully validated 3 migrations (execution time 00:00.042s)
2022-02-08 19:53:59,668 INFO [main] INFO  o.f.core.internal.command.DbMigrate - Current version of schema "PUBLIC": 3
2022-02-08 19:53:59,669 INFO [main] INFO  o.f.core.internal.command.DbMigrate - Schema "PUBLIC" is up to date. No migration necessary.
2022-02-08 19:53:59,809 INFO [main] INFO  s.d.s.w.p.DocumentationPluginsBootstrapper - Context refreshed
2022-02-08 19:53:59,847 INFO [main] INFO  s.d.s.w.p.DocumentationPluginsBootstrapper - Found 1 custom documentation plugin(s)
2022-02-08 19:53:59,924 INFO [main] INFO  s.d.s.w.s.ApiListingReferenceScanner - Scanning for api listing references
2022-02-08 19:54:00,277 INFO [main] INFO  o.s.b.w.e.tomcat.TomcatWebServer - Tomcat started on port(s): 8080 (http) with context path ''
2022-02-08 19:54:00,283 INFO [main] INFO  c.e.d.ProductManageSiteServiceForHandsOnApplication - Started ProductManageSiteServiceForHandsOnApplication in 10.299 seconds (JVM running for 11.131)
2022-02-08 19:54:40,975 INFO [http-nio-8080-exec-1] INFO  o.a.c.c.C.[Tomcat].[localhost].[/] - Initializing Spring DispatcherServlet 'dispatcherServlet'
2022-02-08 19:54:40,976 INFO [http-nio-8080-exec-1] INFO  o.s.web.servlet.DispatcherServlet - Initializing Servlet 'dispatcherServlet'
2022-02-08 19:54:40,995 INFO [http-nio-8080-exec-1] INFO  o.s.web.servlet.DispatcherServlet - Completed initialization in 13 ms
2022-02-08 19:54:43,985 WARN [http-nio-8080-exec-1] WARN  o.a.c.util.SessionIdGeneratorBase - Creation of SecureRandom instance for session ID generation using [SHA1PRNG] took [195] milliseconds.
